c:\users\s210669\documents\2dphysicssandbox\simpleframework\x64\debug\vc143.pdb
c:\users\s210669\documents\2dphysicssandbox\simpleframework\x64\debug\vc143.idb
c:\users\s210669\documents\2dphysicssandbox\simpleframework\x64\debug\particle.obj
c:\users\s210669\documents\2dphysicssandbox\simpleframework\x64\debug\obstacle.obj
c:\users\s210669\documents\2dphysicssandbox\simpleframework\x64\debug\linerenderer.obj
c:\users\s210669\documents\2dphysicssandbox\simpleframework\x64\debug\glfwcallbacks.obj
c:\users\s210669\documents\2dphysicssandbox\simpleframework\x64\debug\gameworld.obj
c:\users\s210669\documents\2dphysicssandbox\simpleframework\x64\debug\example.obj
c:\users\s210669\documents\2dphysicssandbox\simpleframework\x64\debug\entrypoint.obj
c:\users\s210669\documents\2dphysicssandbox\simpleframework\x64\debug\collisionfunctions.obj
c:\users\s210669\documents\2dphysicssandbox\simpleframework\x64\debug\collisionmanifold.obj
c:\users\s210669\documents\2dphysicssandbox\simpleframework\x64\debug\circlecollider.obj
c:\users\s210669\documents\2dphysicssandbox\simpleframework\x64\debug\box2d.obj
c:\users\s210669\documents\2dphysicssandbox\simpleframework\x64\debug\agent.obj
c:\users\s210669\documents\2dphysicssandbox\simpleframework\x64\debug\aabb.obj
c:\users\s210669\documents\2dphysicssandbox\simpleframework\x64\debug\imgui_widgets.obj
c:\users\s210669\documents\2dphysicssandbox\simpleframework\x64\debug\imgui_tables.obj
c:\users\s210669\documents\2dphysicssandbox\simpleframework\x64\debug\imgui_impl_opengl3.obj
c:\users\s210669\documents\2dphysicssandbox\simpleframework\x64\debug\imgui_impl_glfw.obj
c:\users\s210669\documents\2dphysicssandbox\simpleframework\x64\debug\imgui_draw.obj
c:\users\s210669\documents\2dphysicssandbox\simpleframework\x64\debug\imgui_demo.obj
c:\users\s210669\documents\2dphysicssandbox\simpleframework\x64\debug\imgui.obj
c:\users\s210669\documents\2dphysicssandbox\simpleframework\x64\debug\utilitymath.obj
c:\users\s210669\documents\2dphysicssandbox\simpleframework\x64\debug\utilities.obj
c:\users\s210669\documents\2dphysicssandbox\simpleframework\x64\debug\gamebase.obj
c:\users\s210669\documents\2dphysicssandbox\simpleframework\x64\debug\shaderprogram.obj
c:\users\s210669\documents\2dphysicssandbox\simpleframework\x64\debug\rigidbody.obj
c:\users\s210669\documents\2dphysicssandbox\simpleframework\x64\debug\raycastresult.obj
c:\users\s210669\documents\2dphysicssandbox\simpleframework\x64\debug\ray2d.obj
c:\users\s210669\documents\2dphysicssandbox\simpleframework\x64\debug\plane.obj
c:\users\s210669\documents\2dphysicssandbox\simpleframework\x64\debug\physicssystem.obj
c:\users\s210669\documents\2dphysicssandbox\simpleframework\x64\debug\physicsobject.obj
c:\users\s210669\documents\2dphysicssandbox\simpleframework\x64\debug\glad.obj
c:\users\s210669\documents\2dphysicssandbox\x64\debug\simpleframework.exe
c:\users\s210669\documents\2dphysicssandbox\simpleframework\x64\debug\simpleframework.ilk
c:\users\s210669\documents\2dphysicssandbox\x64\debug\simpleframework.pdb
c:\users\s210669\documents\2dphysicssandbox\simpleframework\x64\debug\aabb.obj.enc
c:\users\s210669\documents\2dphysicssandbox\simpleframework\x64\debug\agent.obj.enc
c:\users\s210669\documents\2dphysicssandbox\simpleframework\x64\debug\box2d.obj.enc
c:\users\s210669\documents\2dphysicssandbox\simpleframework\x64\debug\circlecollider.obj.enc
c:\users\s210669\documents\2dphysicssandbox\simpleframework\x64\debug\collisionfunctions.obj.enc
c:\users\s210669\documents\2dphysicssandbox\simpleframework\x64\debug\entrypoint.obj.enc
c:\users\s210669\documents\2dphysicssandbox\simpleframework\x64\debug\example.obj.enc
c:\users\s210669\documents\2dphysicssandbox\simpleframework\x64\debug\gameworld.obj.enc
c:\users\s210669\documents\2dphysicssandbox\simpleframework\x64\debug\particle.obj.enc
c:\users\s210669\documents\2dphysicssandbox\simpleframework\x64\debug\physicsobject.obj.enc
c:\users\s210669\documents\2dphysicssandbox\simpleframework\x64\debug\physicssystem.obj.enc
c:\users\s210669\documents\2dphysicssandbox\simpleframework\x64\debug\plane.obj.enc
c:\users\s210669\documents\2dphysicssandbox\simpleframework\x64\debug\rigidbody.obj.enc
c:\users\s210669\documents\2dphysicssandbox\simpleframework\x64\debug\simpleframework.tlog\cl.command.1.tlog
c:\users\s210669\documents\2dphysicssandbox\simpleframework\x64\debug\simpleframework.tlog\cl.read.1.tlog
c:\users\s210669\documents\2dphysicssandbox\simpleframework\x64\debug\simpleframework.tlog\cl.write.1.tlog
c:\users\s210669\documents\2dphysicssandbox\simpleframework\x64\debug\simpleframework.tlog\link.command.1.tlog
c:\users\s210669\documents\2dphysicssandbox\simpleframework\x64\debug\simpleframework.tlog\link.read.1.tlog
c:\users\s210669\documents\2dphysicssandbox\simpleframework\x64\debug\simpleframework.tlog\link.write.1.tlog
